<?xml version="1.0" encoding="UTF-8"?>
<testsuite xmlns:xsi="http://www.w3.org/2001/XMLSchema-instance" xsi:noNamespaceSchemaLocation="https://maven.apache.org/surefire/maven-surefire-plugin/xsd/surefire-test-report.xsd" name="org.example.MainTest" time="0.054" tests="4" errors="0" skipped="0" failures="1">
  <properties>
[...]
</properties>
  <testcase name="testRemoveDuplicates" classname="org.example.MainTest" time="0.026"/>
  <testcase name="testFindUniques" classname="org.example.MainTest" time="0"/>
  <testcase name="testFindDuplicates" classname="org.example.MainTest" time="0.001"/>
  <testcase name="testCalculatedWord" classname="org.example.MainTest" time="0.018">
    <failure message="&#10;Expected: is &lt;23&gt;&#10;     but: was &lt;19&gt;" type="java.lang.AssertionError"><![CDATA[java.lang.AssertionError: 

Expected: is <23>
     but: was <19>
	at org.example.MainTest.testCalculatedWord(MainTest.java:60)
]]></failure>
  </testcase>
</testsuite>